<?xml version="1.0" encoding="UTF-8"?>
<!-- Generated by org.testng.reporters.JUnitXMLReporter -->
<testsuite ignored="0" hostname="s1ec2r3-Battlestation" failures="0" tests="12" name="GRP-smoke" time="40.442" errors="0" timestamp="2023-07-19T09:58:00 BST">
  <testcase classname="LinkTest" name="abouturltest" time="4.12"/>
  <testcase classname="LinkTest" name="adminurltest" time="2.709"/>
  <testcase classname="LinkTest" name="contacturltest" time="4.619"/>
  <testcase classname="LinkTest" name="homeurltest" time="3.154"/>
  <testcase classname="LinkTest" name="servicesurltest" time="3.152"/>
  <testcase classname="LinkTest" name="siteurltest" time="3.607"/>
  <testcase classname="TitleTest" name="abouttitletest" time="3.611"/>
  <testcase classname="TitleTest" name="admintitletest" time="3.253"/>
  <testcase classname="TitleTest" name="contacttitletest" time="3.41"/>
  <testcase classname="TitleTest" name="hometitletest" time="3.503"/>
  <testcase classname="TitleTest" name="servicestitletest" time="3.171"/>
  <testcase classname="TitleTest" name="sitetitletest" time="2.097"/>
</testsuite> <!-- GRP-smoke -->
